[debug] [2018-08-21T10:50:39.969Z] ----------------------------------------------------------------------
[debug] [2018-08-21T10:50:39.972Z] Command:       /usr/local/Cellar/node/10.9.0/bin/node /usr/local/bin/firebase serve
[debug] [2018-08-21T10:50:39.972Z] CLI Version:   4.1.2
[debug] [2018-08-21T10:50:39.972Z] Platform:      darwin
[debug] [2018-08-21T10:50:39.972Z] Node Version:  v10.9.0
[debug] [2018-08-21T10:50:39.981Z] Time:          Tue Aug 21 2018 18:50:39 GMT+0800 (台北標準時間)
[debug] [2018-08-21T10:50:39.981Z] ----------------------------------------------------------------------
[debug] 
[debug] [2018-08-21T10:50:39.992Z] > command requires scopes: ["email","openid","https://www.googleapis.com/auth/cloudplatformprojects.readonly","https://www.googleapis.com/auth/firebase","https://www.googleapis.com/auth/cloud-platform"]
[debug] [2018-08-21T10:50:39.992Z] > authorizing via signed-in user
[debug] [2018-08-21T10:50:39.993Z] > refreshing access token with scopes: ["email","https://www.googleapis.com/auth/cloud-platform","https://www.googleapis.com/auth/cloudplatformprojects.readonly","https://www.googleapis.com/auth/firebase","openid"]
[debug] [2018-08-21T10:50:39.994Z] >>> HTTP REQUEST POST https://www.googleapis.com/oauth2/v3/token  

[debug] [2018-08-21T10:50:40.174Z] <<< HTTP RESPONSE 200
[debug] [2018-08-21T10:50:40.194Z] >>> HTTP REQUEST GET https://admin.firebase.com/v1/projects/maplestory-webgame  
 
[debug] [2018-08-21T10:50:41.106Z] <<< HTTP RESPONSE 200
[debug] [2018-08-21T10:50:41.107Z] >>> HTTP REQUEST GET https://cloudresourcemanager.googleapis.com/v1/projects/maplestory-webgame  
 
[debug] [2018-08-21T10:50:42.190Z] <<< HTTP RESPONSE 200
[info] 
[info] === Serving from '/Users/starla/Documents/gitRepo/MapleStory-WebGame'...
[info] 
[debug] [2018-08-21T10:50:42.198Z] >>> HTTP REQUEST GET https://mobilesdk-pa.googleapis.com/v1/projects/618179185710/clients/_:getWebAppConfig  
 
[debug] [2018-08-21T10:50:42.905Z] <<< HTTP RESPONSE 200
[info] i  hosting: Serving hosting files from: public
[info] ✔  hosting: Local server: http://localhost:5000

